# JRE version: Java(TM) SE Runtime Environment (8.0_281-b09) (build 1.8.0_281-b09)
# Java VM: Java HotSpot(TM) 64-Bit Server VM (25.281-b09 mixed mode windows-amd64 compressed oops)
Heap:
 PSYoungGen      total 36352K, used 29234K [0x00000000d6900000, 0x00000000d9500000, 0x0000000100000000)
  eden space 28672K, 98% used [0x00000000d6900000,0x00000000d848c930,0x00000000d8500000)
  from space 7680K, 13% used [0x00000000d8d80000,0x00000000d8e80000,0x00000000d9500000)
  to   space 8192K, 0% used [0x00000000d8500000,0x00000000d8500000,0x00000000d8d00000)
 ParOldGen       total 67072K, used 12033K [0x0000000083a00000, 0x0000000087b80000, 0x00000000d6900000)
  object space 67072K, 17% used [0x0000000083a00000,0x00000000845c0638,0x0000000087b80000)
 Metaspace       used 34864K, capacity 37064K, committed 37120K, reserved 1081344K
  class space    used 4447K, capacity 4838K, committed 4864K, reserved 1048576K
GC Heap History (10 events):
Event: 216.557 GC heap before
{Heap before GC invocations=20 (full 2):
 PSYoungGen      total 29696K, used 29664K [0x00000000d6900000, 0x00000000d9700000, 0x0000000100000000)
  eden space 28672K, 100% used [0x00000000d6900000,0x00000000d8500000,0x00000000d8500000)
  from space 1024K, 96% used [0x00000000d8500000,0x00000000d85f8000,0x00000000d8600000)
  to   space 9216K, 0% used [0x00000000d8e00000,0x00000000d8e00000,0x00000000d9700000)
 ParOldGen       total 67072K, used 12001K [0x0000000083a00000, 0x0000000087b80000, 0x00000000d6900000)
  object space 67072K, 17% used [0x0000000083a00000,0x00000000845b8638,0x0000000087b80000)
 Metaspace       used 34822K, capacity 37000K, committed 37120K, reserved 1081344K
  class space    used 4447K, capacity 4838K, committed 4864K, reserved 1048576K
Event: 216.559 GC heap after
Heap after GC invocations=20 (full 2):
 PSYoungGen      total 37888K, used 1024K [0x00000000d6900000, 0x00000000d9700000, 0x0000000100000000)
  eden space 28672K, 0% used [0x00000000d6900000,0x00000000d6900000,0x00000000d8500000)
  from space 9216K, 11% used [0x00000000d8e00000,0x00000000d8f00000,0x00000000d9700000)
  to   space 9216K, 0% used [0x00000000d8500000,0x00000000d8500000,0x00000000d8e00000)
 ParOldGen       total 67072K, used 12009K [0x0000000083a00000, 0x0000000087b80000, 0x00000000d6900000)
  object space 67072K, 17% used [0x0000000083a00000,0x00000000845ba638,0x0000000087b80000)
 Metaspace       used 34822K, capacity 37000K, committed 37120K, reserved 1081344K
  class space    used 4447K, capacity 4838K, committed 4864K, reserved 1048576K
}
Event: 254.781 GC heap before
{Heap before GC invocations=21 (full 2):
 PSYoungGen      total 37888K, used 29696K [0x00000000d6900000, 0x00000000d9700000, 0x0000000100000000)
  eden space 28672K, 100% used [0x00000000d6900000,0x00000000d8500000,0x00000000d8500000)
  from space 9216K, 11% used [0x00000000d8e00000,0x00000000d8f00000,0x00000000d9700000)
  to   space 9216K, 0% used [0x00000000d8500000,0x00000000d8500000,0x00000000d8e00000)
 ParOldGen       total 67072K, used 12009K [0x0000000083a00000, 0x0000000087b80000, 0x00000000d6900000)
  object space 67072K, 17% used [0x0000000083a00000,0x00000000845ba638,0x0000000087b80000)
 Metaspace       used 34825K, capacity 37000K, committed 37120K, reserved 1081344K
  class space    used 4447K, capacity 4838K, committed 4864K, reserved 1048576K
Event: 254.788 GC heap after
Heap after GC invocations=21 (full 2):
 PSYoungGen      total 37888K, used 1024K [0x00000000d6900000, 0x00000000d9700000, 0x0000000100000000)
  eden space 28672K, 0% used [0x00000000d6900000,0x00000000d6900000,0x00000000d8500000)
  from space 9216K, 11% used [0x00000000d8500000,0x00000000d8600000,0x00000000d8e00000)
  to   space 9216K, 0% used [0x00000000d8e00000,0x00000000d8e00000,0x00000000d9700000)
 ParOldGen       total 67072K, used 12009K [0x0000000083a00000, 0x0000000087b80000, 0x00000000d6900000)
  object space 67072K, 17% used [0x0000000083a00000,0x00000000845ba638,0x0000000087b80000)
 Metaspace       used 34825K, capacity 37000K, committed 37120K, reserved 1081344K
  class space    used 4447K, capacity 4838K, committed 4864K, reserved 1048576K
}
Event: 292.197 GC heap before
{Heap before GC invocations=22 (full 2):
 PSYoungGen      total 37888K, used 29696K [0x00000000d6900000, 0x00000000d9700000, 0x0000000100000000)
  eden space 28672K, 100% used [0x00000000d6900000,0x00000000d8500000,0x00000000d8500000)
  from space 9216K, 11% used [0x00000000d8500000,0x00000000d8600000,0x00000000d8e00000)
  to   space 9216K, 0% used [0x00000000d8e00000,0x00000000d8e00000,0x00000000d9700000)
 ParOldGen       total 67072K, used 12009K [0x0000000083a00000, 0x0000000087b80000, 0x00000000d6900000)
  object space 67072K, 17% used [0x0000000083a00000,0x00000000845ba638,0x0000000087b80000)
 Metaspace       used 34862K, capacity 37000K, committed 37120K, reserved 1081344K
  class space    used 4447K, capacity 4838K, committed 4864K, reserved 1048576K
Event: 292.199 GC heap after
Heap after GC invocations=22 (full 2):
 PSYoungGen      total 36864K, used 1024K [0x00000000d6900000, 0x00000000d9600000, 0x0000000100000000)
  eden space 28672K, 0% used [0x00000000d6900000,0x00000000d6900000,0x00000000d8500000)
  from space 8192K, 12% used [0x00000000d8e00000,0x00000000d8f00000,0x00000000d9600000)
  to   space 8704K, 0% used [0x00000000d8500000,0x00000000d8500000,0x00000000d8d80000)
 ParOldGen       total 67072K, used 12017K [0x0000000083a00000, 0x0000000087b80000, 0x00000000d6900000)
  object space 67072K, 17% used [0x0000000083a00000,0x00000000845bc638,0x0000000087b80000)
 Metaspace       used 34862K, capacity 37000K, committed 37120K, reserved 1081344K
  class space    used 4447K, capacity 4838K, committed 4864K, reserved 1048576K
}
Event: 330.381 GC heap before
{Heap before GC invocations=23 (full 2):
 PSYoungGen      total 36864K, used 29696K [0x00000000d6900000, 0x00000000d9600000, 0x0000000100000000)
  eden space 28672K, 100% used [0x00000000d6900000,0x00000000d8500000,0x00000000d8500000)
  from space 8192K, 12% used [0x00000000d8e00000,0x00000000d8f00000,0x00000000d9600000)
  to   space 8704K, 0% used [0x00000000d8500000,0x00000000d8500000,0x00000000d8d80000)
 ParOldGen       total 67072K, used 12017K [0x0000000083a00000, 0x0000000087b80000, 0x00000000d6900000)
  object space 67072K, 17% used [0x0000000083a00000,0x00000000845bc638,0x0000000087b80000)
 Metaspace       used 34862K, capacity 37000K, committed 37120K, reserved 1081344K
  class space    used 4447K, capacity 4838K, committed 4864K, reserved 1048576K
Event: 330.385 GC heap after
Heap after GC invocations=23 (full 2):
 PSYoungGen      total 37376K, used 1056K [0x00000000d6900000, 0x00000000d9600000, 0x0000000100000000)
  eden space 28672K, 0% used [0x00000000d6900000,0x00000000d6900000,0x00000000d8500000)
  from space 8704K, 12% used [0x00000000d8500000,0x00000000d8608000,0x00000000d8d80000)
  to   space 8704K, 0% used [0x00000000d8d80000,0x00000000d8d80000,0x00000000d9600000)
 ParOldGen       total 67072K, used 12025K [0x0000000083a00000, 0x0000000087b80000, 0x00000000d6900000)
  object space 67072K, 17% used [0x0000000083a00000,0x00000000845be638,0x0000000087b80000)
 Metaspace       used 34862K, capacity 37000K, committed 37120K, reserved 1081344K
  class space    used 4447K, capacity 4838K, committed 4864K, reserved 1048576K
}
Event: 368.470 GC heap before
{Heap before GC invocations=24 (full 2):
 PSYoungGen      total 37376K, used 29728K [0x00000000d6900000, 0x00000000d9600000, 0x0000000100000000)
  eden space 28672K, 100% used [0x00000000d6900000,0x00000000d8500000,0x00000000d8500000)
  from space 8704K, 12% used [0x00000000d8500000,0x00000000d8608000,0x00000000d8d80000)
  to   space 8704K, 0% used [0x00000000d8d80000,0x00000000d8d80000,0x00000000d9600000)
 ParOldGen       total 67072K, used 12025K [0x0000000083a00000, 0x0000000087b80000, 0x00000000d6900000)
  object space 67072K, 17% used [0x0000000083a00000,0x00000000845be638,0x0000000087b80000)
 Metaspace       used 34864K, capacity 37064K, committed 37120K, reserved 1081344K
  class space    used 4447K, capacity 4838K, committed 4864K, reserved 1048576K
Event: 368.472 GC heap after
Heap after GC invocations=24 (full 2):
 PSYoungGen      total 36352K, used 1024K [0x00000000d6900000, 0x00000000d9500000, 0x0000000100000000)
  eden space 28672K, 0% used [0x00000000d6900000,0x00000000d6900000,0x00000000d8500000)
  from space 7680K, 13% used [0x00000000d8d80000,0x00000000d8e80000,0x00000000d9500000)
  to   space 8192K, 0% used [0x00000000d8500000,0x00000000d8500000,0x00000000d8d00000)
 ParOldGen       total 67072K, used 12033K [0x0000000083a00000, 0x0000000087b80000, 0x00000000d6900000)
  object space 67072K, 17% used [0x0000000083a00000,0x00000000845c0638,0x0000000087b80000)
 Metaspace       used 34864K, capacity 37064K, committed 37120K, reserved 1081344K
  class space    used 4447K, capacity 4838K, committed 4864K, reserved 1048576K
}

